<?xml version="1.0" encoding="UTF-8"?>
<!-- Generated by org.testng.reporters.JUnitReportReporter -->
<testsuite skipped="10" hostname="C02V61KUHTD8" name="com.mch.qa.TestCases.LandingPageTestCases" tests="16" failures="0" timestamp="2021-10-08T16:37:48 IST" time="131.268" errors="1">
  <testcase name="setup" time="39.585" classname="com.mch.qa.TestCases.LandingPageTestCases">
    <error type="org.openqa.selenium.WebDriverException" message="disconnected: Unable to receive message from renderer
  (Session info: chrome=94.0.4606.71)
Build info: version: &#039;3.141.59&#039;, revision: &#039;e82be7d358&#039;, time: &#039;2018-11-14T08:17:03&#039;
System info: host: &#039;C02V61KUHTD8&#039;, ip: &#039;fe80:0:0:0:8db:4721:63b5:ff97%en0&#039;, os.name: &#039;Mac OS X&#039;, os.arch: &#039;x86_64&#039;, os.version: &#039;10.16&#039;, java.version: &#039;1.8.0_291&#039;
Driver info: org.openqa.selenium.chrome.ChromeDriver
Capabilities {acceptInsecureCerts: false, browserName: chrome, browserVersion: 94.0.4606.71, chrome: {chromedriverVersion: 93.0.4577.63 (ff5c0da2ec0ad..., userDataDir: /var/folders/3x/vt4npvh51dj...}, goog:chromeOptions: {debuggerAddress: localhost:63433}, javascriptEnabled: true, networkConnectionEnabled: false, pageLoadStrategy: normal, platform: MAC, platformName: MAC, proxy: Proxy(), setWindowRect: true, strictFileInteractability: false, timeouts: {implicit: 0, pageLoad: 300000, script: 30000}, unhandledPromptBehavior: dismiss and notify, webauthn:extension:credBlob: true, webauthn:extension:largeBlob: true, webauthn:virtualAuthenticators: true}
Session ID: 4f752f8a29687cfe139167bac6b5aff2">
      <![CDATA[org.openqa.selenium.WebDriverException: disconnected: Unable to receive message from renderer
  (Session info: chrome=94.0.4606.71)
Build info: version: '3.141.59', revision: 'e82be7d358', time: '2018-11-14T08:17:03'
System info: host: 'C02V61KUHTD8', ip: 'fe80:0:0:0:8db:4721:63b5:ff97%en0', os.name: 'Mac OS X', os.arch: 'x86_64', os.version: '10.16', java.version: '1.8.0_291'
Driver info: org.openqa.selenium.chrome.ChromeDriver
Capabilities {acceptInsecureCerts: false, browserName: chrome, browserVersion: 94.0.4606.71, chrome: {chromedriverVersion: 93.0.4577.63 (ff5c0da2ec0ad..., userDataDir: /var/folders/3x/vt4npvh51dj...}, goog:chromeOptions: {debuggerAddress: localhost:63433}, javascriptEnabled: true, networkConnectionEnabled: false, pageLoadStrategy: normal, platform: MAC, platformName: MAC, proxy: Proxy(), setWindowRect: true, strictFileInteractability: false, timeouts: {implicit: 0, pageLoad: 300000, script: 30000}, unhandledPromptBehavior: dismiss and notify, webauthn:extension:credBlob: true, webauthn:extension:largeBlob: true, webauthn:virtualAuthenticators: true}
Session ID: 4f752f8a29687cfe139167bac6b5aff2
at sun.reflect.NativeConstructorAccessorImpl.newInstance0(Native Method)
at sun.reflect.NativeConstructorAccessorImpl.newInstance(NativeConstructorAccessorImpl.java:62)
at sun.reflect.DelegatingConstructorAccessorImpl.newInstance(DelegatingConstructorAccessorImpl.java:45)
at java.lang.reflect.Constructor.newInstance(Constructor.java:423)
at org.openqa.selenium.remote.http.W3CHttpResponseCodec.createException(W3CHttpResponseCodec.java:187)
at org.openqa.selenium.remote.http.W3CHttpResponseCodec.decode(W3CHttpResponseCodec.java:122)
at org.openqa.selenium.remote.http.W3CHttpResponseCodec.decode(W3CHttpResponseCodec.java:49)
at org.openqa.selenium.remote.HttpCommandExecutor.execute(HttpCommandExecutor.java:158)
at org.openqa.selenium.remote.service.DriverCommandExecutor.execute(DriverCommandExecutor.java:83)
at org.openqa.selenium.remote.RemoteWebDriver.execute(RemoteWebDriver.java:552)
at org.openqa.selenium.remote.RemoteWebDriver.get(RemoteWebDriver.java:277)
at com.mch.qa.base.TestBase.initialization(TestBase.java:51)
at com.mch.qa.TestCases.LandingPageTestCases.setup(LandingPageTestCases.java:22)
at sun.reflect.NativeMethodAccessorImpl.invoke0(Native Method)
at sun.reflect.NativeMethodAccessorImpl.invoke(NativeMethodAccessorImpl.java:62)
at sun.reflect.DelegatingMethodAccessorImpl.invoke(DelegatingMethodAccessorImpl.java:43)
at java.lang.reflect.Method.invoke(Method.java:498)
at org.testng.internal.MethodInvocationHelper.invokeMethod(MethodInvocationHelper.java:133)
at org.testng.internal.MethodInvocationHelper.invokeMethodConsideringTimeout(MethodInvocationHelper.java:62)
at org.testng.internal.ConfigInvoker.invokeConfigurationMethod(ConfigInvoker.java:385)
at org.testng.internal.ConfigInvoker.invokeConfigurations(ConfigInvoker.java:321)
at org.testng.internal.TestInvoker.runConfigMethods(TestInvoker.java:700)
at org.testng.internal.TestInvoker.invokeMethod(TestInvoker.java:527)
at org.testng.internal.TestInvoker.invokeTestMethod(TestInvoker.java:173)
at org.testng.internal.MethodRunner.runInSequence(MethodRunner.java:46)
at org.testng.internal.TestInvoker$MethodInvocationAgent.invoke(TestInvoker.java:824)
at org.testng.internal.TestInvoker.invokeTestMethods(TestInvoker.java:146)
at org.testng.internal.TestMethodWorker.invokeTestMethods(TestMethodWorker.java:146)
at org.testng.internal.TestMethodWorker.run(TestMethodWorker.java:128)
at java.util.ArrayList.forEach(ArrayList.java:1259)
at org.testng.TestRunner.privateRun(TestRunner.java:794)
at org.testng.TestRunner.run(TestRunner.java:596)
at org.testng.SuiteRunner.runTest(SuiteRunner.java:377)
at org.testng.SuiteRunner.runSequentially(SuiteRunner.java:371)
at org.testng.SuiteRunner.privateRun(SuiteRunner.java:332)
at org.testng.SuiteRunner.run(SuiteRunner.java:276)
at org.testng.SuiteRunnerWorker.runSuite(SuiteRunnerWorker.java:53)
at org.testng.SuiteRunnerWorker.run(SuiteRunnerWorker.java:96)
at org.testng.TestNG.runSuitesSequentially(TestNG.java:1212)
at org.testng.TestNG.runSuitesLocally(TestNG.java:1134)
at org.testng.TestNG.runSuites(TestNG.java:1063)
at org.testng.TestNG.run(TestNG.java:1031)
at org.testng.remote.AbstractRemoteTestNG.run(AbstractRemoteTestNG.java:115)
at org.testng.remote.RemoteTestNG.initAndRun(RemoteTestNG.java:251)
at org.testng.remote.RemoteTestNG.main(RemoteTestNG.java:77)
]]>
    </error>
  </testcase> <!-- setup -->
  <system-out/>
  <testcase name="TitleValidationTest" time="25.677" classname="com.mch.qa.TestCases.LandingPageTestCases"/>
  <system-out/>
  <testcase name="AppLinkIsDisplayed" time="15.370" classname="com.mch.qa.TestCases.LandingPageTestCases"/>
  <system-out/>
  <testcase name="logolinkDisplayed" time="14.527" classname="com.mch.qa.TestCases.LandingPageTestCases"/>
  <system-out/>
  <testcase name="WhatsnewLinkIsDisplayed" time="36.070" classname="com.mch.qa.TestCases.LandingPageTestCases"/>
  <system-out/>
  <testcase name="CreateAccountLinkIsDisplayed" time="0.039" classname="com.mch.qa.TestCases.LandingPageTestCases"/>
  <system-out/>
  <testcase name="SignInLinkIsDisplayed" time="0.000" classname="com.mch.qa.TestCases.LandingPageTestCases">
    <skipped/>
  </testcase> <!-- SignInLinkIsDisplayed -->
  <system-out/>
  <testcase name="AppLinksLinkURLValidation" time="0.000" classname="com.mch.qa.TestCases.LandingPageTestCases">
    <skipped/>
  </testcase> <!-- AppLinksLinkURLValidation -->
  <system-out/>
  <testcase name="WhatsNewLinkURLValidation" time="0.000" classname="com.mch.qa.TestCases.LandingPageTestCases">
    <skipped/>
  </testcase> <!-- WhatsNewLinkURLValidation -->
  <system-out/>
  <testcase name="HelpLinkURLValidation" time="0.000" classname="com.mch.qa.TestCases.LandingPageTestCases">
    <skipped/>
  </testcase> <!-- HelpLinkURLValidation -->
  <system-out/>
  <testcase name="LearnMoreLinksURLValidation" time="0.000" classname="com.mch.qa.TestCases.LandingPageTestCases">
    <skipped/>
  </testcase> <!-- LearnMoreLinksURLValidation -->
  <system-out/>
  <testcase name="PrivacyLinksURLValidation" time="0.000" classname="com.mch.qa.TestCases.LandingPageTestCases">
    <skipped/>
  </testcase> <!-- PrivacyLinksURLValidation -->
  <system-out/>
  <testcase name="TermLinksURLValidation" time="0.000" classname="com.mch.qa.TestCases.LandingPageTestCases">
    <skipped/>
  </testcase> <!-- TermLinksURLValidation -->
  <system-out/>
  <testcase name="SupportLinksURLValidation" time="0.000" classname="com.mch.qa.TestCases.LandingPageTestCases">
    <skipped/>
  </testcase> <!-- SupportLinksURLValidation -->
  <system-out/>
  <testcase name="FBLinksURLValidation" time="0.000" classname="com.mch.qa.TestCases.LandingPageTestCases">
    <skipped/>
  </testcase> <!-- FBLinksURLValidation -->
  <system-out/>
  <testcase name="InstaLinksURLValidation" time="0.000" classname="com.mch.qa.TestCases.LandingPageTestCases">
    <skipped/>
  </testcase> <!-- InstaLinksURLValidation -->
  <system-out/>
</testsuite> <!-- com.mch.qa.TestCases.LandingPageTestCases -->
