<?xml version="1.0" encoding="UTF-8"?>
<testng-results skipped="0" failed="2" ignored="0" total="6" passed="4">
  <reporter-output>
  </reporter-output>
  <suite name="Default suite" duration-ms="117481" started-at="2021-10-21T02:27:41 IST" finished-at="2021-10-21T02:29:38 IST">
    <groups>
    </groups>
    <test name="Default test" duration-ms="117481" started-at="2021-10-21T02:27:41 IST" finished-at="2021-10-21T02:29:38 IST">
      <class name="com.mch.qa.TestCases.settingsPageTestCases">
        <test-method status="PASS" signature="setup()[pri:0, instance:com.mch.qa.TestCases.settingsPageTestCases@458c1321]" name="setup" is-config="true" duration-ms="10942" started-at="2021-10-21T02:27:41 IST" finished-at="2021-10-21T02:27:52 IST">
          <reporter-output>
          </reporter-output>
        </test-method> <!-- setup -->
        <test-method status="FAIL" signature="settingsPageIsDisplayed()[pri:1, instance:com.mch.qa.TestCases.settingsPageTestCases@458c1321]" name="settingsPageIsDisplayed" duration-ms="5869" started-at="2021-10-21T02:27:52 IST" finished-at="2021-10-21T02:27:58 IST">
          <exception class="java.lang.AssertionError">
            <message>
              <![CDATA[URL didnt matched expected [https://home.mycloud.com/ettings/account] but found [https://home.mycloud.com/settings/account]]]>
            </message>
            <full-stacktrace>
              <![CDATA[java.lang.AssertionError: URL didnt matched expected [https://home.mycloud.com/ettings/account] but found [https://home.mycloud.com/settings/account]
at org.testng.Assert.fail(Assert.java:99)
at org.testng.Assert.failNotEquals(Assert.java:1037)
at org.testng.Assert.assertEqualsImpl(Assert.java:140)
at org.testng.Assert.assertEquals(Assert.java:122)
at org.testng.Assert.assertEquals(Assert.java:629)
at com.mch.qa.TestCases.settingsPageTestCases.settingsPageIsDisplayed(settingsPageTestCases.java:40)
at sun.reflect.NativeMethodAccessorImpl.invoke0(Native Method)
at sun.reflect.NativeMethodAccessorImpl.invoke(NativeMethodAccessorImpl.java:62)
at sun.reflect.DelegatingMethodAccessorImpl.invoke(DelegatingMethodAccessorImpl.java:43)
at java.lang.reflect.Method.invoke(Method.java:498)
at org.testng.internal.MethodInvocationHelper.invokeMethod(MethodInvocationHelper.java:133)
at org.testng.internal.TestInvoker.invokeMethod(TestInvoker.java:598)
at org.testng.internal.TestInvoker.invokeTestMethod(TestInvoker.java:173)
at org.testng.internal.MethodRunner.runInSequence(MethodRunner.java:46)
at org.testng.internal.TestInvoker$MethodInvocationAgent.invoke(TestInvoker.java:824)
at org.testng.internal.TestInvoker.invokeTestMethods(TestInvoker.java:146)
at org.testng.internal.TestMethodWorker.invokeTestMethods(TestMethodWorker.java:146)
at org.testng.internal.TestMethodWorker.run(TestMethodWorker.java:128)
at java.util.ArrayList.forEach(ArrayList.java:1259)
at org.testng.TestRunner.privateRun(TestRunner.java:794)
at org.testng.TestRunner.run(TestRunner.java:596)
at org.testng.SuiteRunner.runTest(SuiteRunner.java:377)
at org.testng.SuiteRunner.runSequentially(SuiteRunner.java:371)
at org.testng.SuiteRunner.privateRun(SuiteRunner.java:332)
at org.testng.SuiteRunner.run(SuiteRunner.java:276)
at org.testng.SuiteRunnerWorker.runSuite(SuiteRunnerWorker.java:53)
at org.testng.SuiteRunnerWorker.run(SuiteRunnerWorker.java:96)
at org.testng.TestNG.runSuitesSequentially(TestNG.java:1212)
at org.testng.TestNG.runSuitesLocally(TestNG.java:1134)
at org.testng.TestNG.runSuites(TestNG.java:1063)
at org.testng.TestNG.run(TestNG.java:1031)
at org.testng.remote.AbstractRemoteTestNG.run(AbstractRemoteTestNG.java:115)
at org.testng.remote.RemoteTestNG.initAndRun(RemoteTestNG.java:251)
at org.testng.remote.RemoteTestNG.main(RemoteTestNG.java:77)
]]>
            </full-stacktrace>
          </exception> <!-- java.lang.AssertionError -->
          <reporter-output>
          </reporter-output>
        </test-method> <!-- settingsPageIsDisplayed -->
        <test-method status="PASS" signature="TearDown()[pri:0, instance:com.mch.qa.TestCases.settingsPageTestCases@458c1321]" name="TearDown" is-config="true" duration-ms="1294" started-at="2021-10-21T02:27:58 IST" finished-at="2021-10-21T02:27:59 IST">
          <reporter-output>
          </reporter-output>
        </test-method> <!-- TearDown -->
        <test-method status="PASS" signature="setup()[pri:0, instance:com.mch.qa.TestCases.settingsPageTestCases@458c1321]" name="setup" is-config="true" duration-ms="8931" started-at="2021-10-21T02:27:59 IST" finished-at="2021-10-21T02:28:08 IST">
          <reporter-output>
          </reporter-output>
        </test-method> <!-- setup -->
        <test-method status="PASS" signature="userFirstNameAndSecondNameChange()[pri:2, instance:com.mch.qa.TestCases.settingsPageTestCases@458c1321]" name="userFirstNameAndSecondNameChange" duration-ms="7191" started-at="2021-10-21T02:28:08 IST" finished-at="2021-10-21T02:28:15 IST">
          <reporter-output>
          </reporter-output>
        </test-method> <!-- userFirstNameAndSecondNameChange -->
        <test-method status="PASS" signature="TearDown()[pri:0, instance:com.mch.qa.TestCases.settingsPageTestCases@458c1321]" name="TearDown" is-config="true" duration-ms="1259" started-at="2021-10-21T02:28:15 IST" finished-at="2021-10-21T02:28:16 IST">
          <reporter-output>
          </reporter-output>
        </test-method> <!-- TearDown -->
        <test-method status="PASS" signature="setup()[pri:0, instance:com.mch.qa.TestCases.settingsPageTestCases@458c1321]" name="setup" is-config="true" duration-ms="9450" started-at="2021-10-21T02:28:16 IST" finished-at="2021-10-21T02:28:26 IST">
          <reporter-output>
          </reporter-output>
        </test-method> <!-- setup -->
        <test-method status="PASS" signature="signOutFromAppAction()[pri:3, instance:com.mch.qa.TestCases.settingsPageTestCases@458c1321]" name="signOutFromAppAction" duration-ms="6673" started-at="2021-10-21T02:28:26 IST" finished-at="2021-10-21T02:28:33 IST">
          <reporter-output>
          </reporter-output>
        </test-method> <!-- signOutFromAppAction -->
        <test-method status="PASS" signature="TearDown()[pri:0, instance:com.mch.qa.TestCases.settingsPageTestCases@458c1321]" name="TearDown" is-config="true" duration-ms="1341" started-at="2021-10-21T02:28:33 IST" finished-at="2021-10-21T02:28:34 IST">
          <reporter-output>
          </reporter-output>
        </test-method> <!-- TearDown -->
        <test-method status="PASS" signature="setup()[pri:0, instance:com.mch.qa.TestCases.settingsPageTestCases@458c1321]" name="setup" is-config="true" duration-ms="9414" started-at="2021-10-21T02:28:34 IST" finished-at="2021-10-21T02:28:43 IST">
          <reporter-output>
          </reporter-output>
        </test-method> <!-- setup -->
        <test-method status="PASS" signature="myCloudDevicenameChanging()[pri:4, instance:com.mch.qa.TestCases.settingsPageTestCases@458c1321]" name="myCloudDevicenameChanging" duration-ms="11622" started-at="2021-10-21T02:28:43 IST" finished-at="2021-10-21T02:28:55 IST">
          <reporter-output>
          </reporter-output>
        </test-method> <!-- myCloudDevicenameChanging -->
        <test-method status="PASS" signature="TearDown()[pri:0, instance:com.mch.qa.TestCases.settingsPageTestCases@458c1321]" name="TearDown" is-config="true" duration-ms="1284" started-at="2021-10-21T02:28:55 IST" finished-at="2021-10-21T02:28:56 IST">
          <reporter-output>
          </reporter-output>
        </test-method> <!-- TearDown -->
        <test-method status="PASS" signature="setup()[pri:0, instance:com.mch.qa.TestCases.settingsPageTestCases@458c1321]" name="setup" is-config="true" duration-ms="8747" started-at="2021-10-21T02:28:56 IST" finished-at="2021-10-21T02:29:05 IST">
          <reporter-output>
          </reporter-output>
        </test-method> <!-- setup -->
        <test-method status="PASS" signature="analyticalsDisabledAndEnable()[pri:5, instance:com.mch.qa.TestCases.settingsPageTestCases@458c1321]" name="analyticalsDisabledAndEnable" duration-ms="13503" started-at="2021-10-21T02:29:05 IST" finished-at="2021-10-21T02:29:18 IST">
          <reporter-output>
          </reporter-output>
        </test-method> <!-- analyticalsDisabledAndEnable -->
        <test-method status="PASS" signature="TearDown()[pri:0, instance:com.mch.qa.TestCases.settingsPageTestCases@458c1321]" name="TearDown" is-config="true" duration-ms="1271" started-at="2021-10-21T02:29:18 IST" finished-at="2021-10-21T02:29:20 IST">
          <reporter-output>
          </reporter-output>
        </test-method> <!-- TearDown -->
        <test-method status="PASS" signature="setup()[pri:0, instance:com.mch.qa.TestCases.settingsPageTestCases@458c1321]" name="setup" is-config="true" duration-ms="9592" started-at="2021-10-21T02:29:20 IST" finished-at="2021-10-21T02:29:29 IST">
          <reporter-output>
          </reporter-output>
        </test-method> <!-- setup -->
        <test-method status="FAIL" signature="changeEmailTest()[pri:6, instance:com.mch.qa.TestCases.settingsPageTestCases@458c1321]" name="changeEmailTest" duration-ms="7767" started-at="2021-10-21T02:29:29 IST" finished-at="2021-10-21T02:29:37 IST">
          <exception class="java.lang.AssertionError">
            <message>
              <![CDATA[Sign in text is not displayed expected [ign in] but found [Sign in]]]>
            </message>
            <full-stacktrace>
              <![CDATA[java.lang.AssertionError: Sign in text is not displayed expected [ign in] but found [Sign in]
at org.testng.Assert.fail(Assert.java:99)
at org.testng.Assert.failNotEquals(Assert.java:1037)
at org.testng.Assert.assertEqualsImpl(Assert.java:140)
at org.testng.Assert.assertEquals(Assert.java:122)
at org.testng.Assert.assertEquals(Assert.java:629)
at com.mch.qa.TestCases.settingsPageTestCases.changeEmailTest(settingsPageTestCases.java:91)
at sun.reflect.NativeMethodAccessorImpl.invoke0(Native Method)
at sun.reflect.NativeMethodAccessorImpl.invoke(NativeMethodAccessorImpl.java:62)
at sun.reflect.DelegatingMethodAccessorImpl.invoke(DelegatingMethodAccessorImpl.java:43)
at java.lang.reflect.Method.invoke(Method.java:498)
at org.testng.internal.MethodInvocationHelper.invokeMethod(MethodInvocationHelper.java:133)
at org.testng.internal.TestInvoker.invokeMethod(TestInvoker.java:598)
at org.testng.internal.TestInvoker.invokeTestMethod(TestInvoker.java:173)
at org.testng.internal.MethodRunner.runInSequence(MethodRunner.java:46)
at org.testng.internal.TestInvoker$MethodInvocationAgent.invoke(TestInvoker.java:824)
at org.testng.internal.TestInvoker.invokeTestMethods(TestInvoker.java:146)
at org.testng.internal.TestMethodWorker.invokeTestMethods(TestMethodWorker.java:146)
at org.testng.internal.TestMethodWorker.run(TestMethodWorker.java:128)
at java.util.ArrayList.forEach(ArrayList.java:1259)
at org.testng.TestRunner.privateRun(TestRunner.java:794)
at org.testng.TestRunner.run(TestRunner.java:596)
at org.testng.SuiteRunner.runTest(SuiteRunner.java:377)
at org.testng.SuiteRunner.runSequentially(SuiteRunner.java:371)
at org.testng.SuiteRunner.privateRun(SuiteRunner.java:332)
at org.testng.SuiteRunner.run(SuiteRunner.java:276)
at org.testng.SuiteRunnerWorker.runSuite(SuiteRunnerWorker.java:53)
at org.testng.SuiteRunnerWorker.run(SuiteRunnerWorker.java:96)
at org.testng.TestNG.runSuitesSequentially(TestNG.java:1212)
at org.testng.TestNG.runSuitesLocally(TestNG.java:1134)
at org.testng.TestNG.runSuites(TestNG.java:1063)
at org.testng.TestNG.run(TestNG.java:1031)
at org.testng.remote.AbstractRemoteTestNG.run(AbstractRemoteTestNG.java:115)
at org.testng.remote.RemoteTestNG.initAndRun(RemoteTestNG.java:251)
at org.testng.remote.RemoteTestNG.main(RemoteTestNG.java:77)
]]>
            </full-stacktrace>
          </exception> <!-- java.lang.AssertionError -->
          <reporter-output>
          </reporter-output>
        </test-method> <!-- changeEmailTest -->
        <test-method status="PASS" signature="TearDown()[pri:0, instance:com.mch.qa.TestCases.settingsPageTestCases@458c1321]" name="TearDown" is-config="true" duration-ms="1275" started-at="2021-10-21T02:29:37 IST" finished-at="2021-10-21T02:29:38 IST">
          <reporter-output>
          </reporter-output>
        </test-method> <!-- TearDown -->
      </class> <!-- com.mch.qa.TestCases.settingsPageTestCases -->
    </test> <!-- Default test -->
  </suite> <!-- Default suite -->
</testng-results>
